[2.048s] DEBUG:colcon:Command line arguments: ['/usr/bin/colcon', 'build', '--packages-select', 'mi_paquete']
[2.050s] DEBUG:colcon:Parsed command line arguments: Namespace(log_base=None, log_level=None, verb_name='build', build_base='build', install_base='install', merge_install=False, symlink_install=False, test_result_base=None, continue_on_error=False, executor='parallel', parallel_workers=1, event_handlers=None, ignore_user_meta=False, metas=['./colcon.meta'], base_paths=['.'], packages_ignore=None, packages_ignore_regex=None, paths=None, packages_up_to=None, packages_up_to_regex=None, packages_above=None, packages_above_and_dependencies=None, packages_above_depth=None, packages_select_by_dep=None, packages_skip_by_dep=None, packages_skip_up_to=None, packages_select_build_failed=False, packages_skip_build_finished=False, packages_select_test_failures=False, packages_skip_test_passed=False, packages_select=['mi_paquete'], packages_skip=None, packages_select_regex=None, packages_skip_regex=None, packages_start=None, packages_end=None, allow_overriding=[], cmake_args=None, cmake_target=None, cmake_target_skip_unavailable=False, cmake_clean_cache=False, cmake_clean_first=False, cmake_force_configure=False, ament_cmake_args=None, catkin_cmake_args=None, catkin_skip_building_tests=False, mixin_files=None, mixin=None, verb_parser=<colcon_mixin.mixin.mixin_argument.MixinArgumentDecorator object at 0x71a3d954a110>, verb_extension=<colcon_core.verb.build.BuildVerb object at 0x71a3d9549c00>, main=<bound method BuildVerb.main of <colcon_core.verb.build.BuildVerb object at 0x71a3d9549c00>>, mixin_verb=('build',))
[8.167s] Level 1:colcon.colcon_core.package_discovery:discover_packages(colcon_meta) check parameters
[8.167s] Level 1:colcon.colcon_core.package_discovery:discover_packages(recursive) check parameters
[8.167s] Level 1:colcon.colcon_core.package_discovery:discover_packages(ignore) check parameters
[8.168s] Level 1:colcon.colcon_core.package_discovery:discover_packages(path) check parameters
[8.169s] Level 1:colcon.colcon_core.package_discovery:discover_packages(colcon_meta) discover
[8.169s] Level 1:colcon.colcon_core.package_discovery:discover_packages(recursive) discover
[8.169s] INFO:colcon.colcon_core.package_discovery:Crawling recursively for packages in '/home/joffre/ros2_tutorials_ws/src'
[8.171s] Level 1:colcon.colcon_core.package_identification:_identify(.) by extensions ['ignore', 'ignore_ament_install']
[8.171s] Level 1:colcon.colcon_core.package_identification:_identify(.) by extension 'ignore'
[8.172s] Level 1:colcon.colcon_core.package_identification:_identify(.) by extension 'ignore_ament_install'
[8.173s] Level 1:colcon.colcon_core.package_identification:_identify(.) by extensions ['colcon_pkg']
[8.173s] Level 1:colcon.colcon_core.package_identification:_identify(.) by extension 'colcon_pkg'
[8.173s] Level 1:colcon.colcon_core.package_identification:_identify(.) by extensions ['colcon_meta']
[8.173s] Level 1:colcon.colcon_core.package_identification:_identify(.) by extension 'colcon_meta'
[8.176s] Level 1:colcon.colcon_core.package_identification:_identify(.) by extensions ['ros']
[8.177s] Level 1:colcon.colcon_core.package_identification:_identify(.) by extension 'ros'
[8.331s] Level 1:colcon.colcon_core.package_identification:_identify(.) by extensions ['cmake', 'python']
[8.333s] Level 1:colcon.colcon_core.package_identification:_identify(.) by extension 'cmake'
[8.333s] Level 1:colcon.colcon_core.package_identification:_identify(.) by extension 'python'
[8.333s] Level 1:colcon.colcon_core.package_identification:_identify(.) by extensions ['python_setup_py']
[8.333s] Level 1:colcon.colcon_core.package_identification:_identify(.) by extension 'python_setup_py'
[8.335s] Level 1:colcon.colcon_core.package_identification:_identify(build) by extensions ['ignore', 'ignore_ament_install']
[8.335s] Level 1:colcon.colcon_core.package_identification:_identify(build) by extension 'ignore'
[8.337s] Level 1:colcon.colcon_core.package_identification:_identify(build) ignored
[8.337s] Level 1:colcon.colcon_core.package_identification:_identify(install) by extensions ['ignore', 'ignore_ament_install']
[8.339s] Level 1:colcon.colcon_core.package_identification:_identify(install) by extension 'ignore'
[8.339s] Level 1:colcon.colcon_core.package_identification:_identify(install) ignored
[8.340s] Level 1:colcon.colcon_core.package_identification:_identify(log) by extensions ['ignore', 'ignore_ament_install']
[8.341s] Level 1:colcon.colcon_core.package_identification:_identify(log) by extension 'ignore'
[8.341s] Level 1:colcon.colcon_core.package_identification:_identify(log) ignored
[8.357s] Level 1:colcon.colcon_core.package_identification:_identify(mi_primer_paquete) by extensions ['ignore', 'ignore_ament_install']
[8.357s] Level 1:colcon.colcon_core.package_identification:_identify(mi_primer_paquete) by extension 'ignore'
[8.357s] Level 1:colcon.colcon_core.package_identification:_identify(mi_primer_paquete) by extension 'ignore_ament_install'
[8.359s] Level 1:colcon.colcon_core.package_identification:_identify(mi_primer_paquete) by extensions ['colcon_pkg']
[8.359s] Level 1:colcon.colcon_core.package_identification:_identify(mi_primer_paquete) by extension 'colcon_pkg'
[8.359s] Level 1:colcon.colcon_core.package_identification:_identify(mi_primer_paquete) by extensions ['colcon_meta']
[8.359s] Level 1:colcon.colcon_core.package_identification:_identify(mi_primer_paquete) by extension 'colcon_meta'
[8.361s] Level 1:colcon.colcon_core.package_identification:_identify(mi_primer_paquete) by extensions ['ros']
[8.361s] Level 1:colcon.colcon_core.package_identification:_identify(mi_primer_paquete) by extension 'ros'
[8.424s] DEBUG:colcon.colcon_core.package_identification:Package 'mi_primer_paquete' with type 'ros.ament_python' and name 'mi_primer_paquete'
[8.424s] Level 1:colcon.colcon_core.package_discovery:discover_packages(recursive) using defaults
[8.426s] Level 1:colcon.colcon_core.package_discovery:discover_packages(ignore) discover
[8.426s] Level 1:colcon.colcon_core.package_discovery:discover_packages(ignore) using defaults
[8.426s] Level 1:colcon.colcon_core.package_discovery:discover_packages(path) discover
[8.426s] Level 1:colcon.colcon_core.package_discovery:discover_packages(path) using defaults
[8.428s] WARNING:colcon.colcon_core.package_selection:ignoring unknown package 'mi_paquete' in --packages-select
[9.126s] INFO:colcon.colcon_core.package_selection:Skipping not selected package 'mi_primer_paquete' in 'mi_primer_paquete'
[9.153s] Level 1:colcon.colcon_core.package_discovery:discover_packages(prefix_path) check parameters
[9.153s] Level 1:colcon.colcon_core.package_discovery:discover_packages(prefix_path) discover
[9.228s] DEBUG:colcon.colcon_installed_package_information.package_discovery:Found 293 installed packages in /opt/ros/humble
[9.245s] Level 1:colcon.colcon_core.package_discovery:discover_packages(prefix_path) using defaults
[9.795s] INFO:colcon.colcon_core.executor:Executing jobs using 'parallel' executor
[9.804s] DEBUG:colcon.colcon_parallel_executor.executor.parallel:run_until_complete
[9.806s] DEBUG:colcon.colcon_parallel_executor.executor.parallel:closing loop
[9.806s] DEBUG:colcon.colcon_parallel_executor.executor.parallel:loop closed
[9.806s] DEBUG:colcon.colcon_parallel_executor.executor.parallel:run_until_complete finished with '0'
[9.808s] DEBUG:colcon.colcon_core.event_reactor:joining thread
[9.922s] INFO:colcon.colcon_core.plugin_system:Skipping extension 'colcon_notification.desktop_notification.terminal_notifier': Not used on non-Darwin systems
[9.922s] INFO:colcon.colcon_core.plugin_system:Skipping extension 'colcon_notification.desktop_notification.win32': Not used on non-Windows systems
[9.924s] INFO:colcon.colcon_notification.desktop_notification:Sending desktop notification using 'notify2'
[10.173s] DEBUG:colcon.colcon_core.event_reactor:joined thread
[10.313s] INFO:colcon.colcon_core.plugin_system:Skipping extension 'colcon_core.shell.bat': Not used on non-Windows systems
[10.313s] INFO:colcon.colcon_core.shell:Creating prefix script '/home/joffre/ros2_tutorials_ws/src/install/local_setup.ps1'
[10.330s] INFO:colcon.colcon_core.shell:Creating prefix util module '/home/joffre/ros2_tutorials_ws/src/install/_local_setup_util_ps1.py'
[10.368s] INFO:colcon.colcon_core.shell:Creating prefix chain script '/home/joffre/ros2_tutorials_ws/src/install/setup.ps1'
[10.383s] INFO:colcon.colcon_core.shell:Creating prefix script '/home/joffre/ros2_tutorials_ws/src/install/local_setup.sh'
[10.402s] INFO:colcon.colcon_core.shell:Creating prefix util module '/home/joffre/ros2_tutorials_ws/src/install/_local_setup_util_sh.py'
[10.411s] INFO:colcon.colcon_core.shell:Creating prefix chain script '/home/joffre/ros2_tutorials_ws/src/install/setup.sh'
[10.427s] INFO:colcon.colcon_core.shell:Creating prefix script '/home/joffre/ros2_tutorials_ws/src/install/local_setup.bash'
[10.448s] INFO:colcon.colcon_core.shell:Creating prefix chain script '/home/joffre/ros2_tutorials_ws/src/install/setup.bash'
[10.466s] INFO:colcon.colcon_core.shell:Creating prefix script '/home/joffre/ros2_tutorials_ws/src/install/local_setup.zsh'
[10.486s] INFO:colcon.colcon_core.shell:Creating prefix chain script '/home/joffre/ros2_tutorials_ws/src/install/setup.zsh'
